Traffico scambiato uniforme.
Pesi del routing fissati da default a 1.0


  0.0000   1.0000   1.0000   1.0000   1.0000   1.0000   1.0000   1.0000   1.0000   1.0000   1.0000 
  1.0000   0.0000   1.0000   1.0000   1.0000   1.0000   1.0000   1.0000   1.0000   1.0000   1.0000 
  1.0000   1.0000   0.0000   1.0000   1.0000   1.0000   1.0000   1.0000   1.0000   1.0000   1.0000 
  1.0000   1.0000   1.0000   0.0000   1.0000   1.0000   1.0000   1.0000   1.0000   1.0000   1.0000 
  1.0000   1.0000   1.0000   1.0000   0.0000   1.0000   1.0000   1.0000   1.0000   1.0000   1.0000 
  1.0000   1.0000   1.0000   1.0000   1.0000   0.0000   1.0000   1.0000   1.0000   1.0000   1.0000 
  1.0000   1.0000   1.0000   1.0000   1.0000   1.0000   0.0000   1.0000   1.0000   1.0000   1.0000 
  1.0000   1.0000   1.0000   1.0000   1.0000   1.0000   1.0000   0.0000   1.0000   1.0000   1.0000 
  1.0000   1.0000   1.0000   1.0000   1.0000   1.0000   1.0000   1.0000   0.0000   1.0000   1.0000 
  1.0000   1.0000   1.0000   1.0000   1.0000   1.0000   1.0000   1.0000   1.0000   0.0000   1.0000 
  1.0000   1.0000   1.0000   1.0000   1.0000   1.0000   1.0000   1.0000   1.0000   1.0000   0.0000 

TOTAL TRAFFIC [Mbit/s]=    110 


10000000000000.0000   1.0000   1.0000   1.0000   1.0000   1.0000   1.0000   1.0000   1.0000   1.0000   1.0000 
  1.0000 10000000000000.0000   1.0000   1.0000   1.0000   1.0000   1.0000   1.0000   1.0000   1.0000   1.0000 
  1.0000   1.0000 10000000000000.0000   1.0000   1.0000   1.0000   1.0000   1.0000   1.0000   1.0000   1.0000 
  1.0000   1.0000   1.0000 10000000000000.0000   1.0000   1.0000   1.0000   1.0000   1.0000   1.0000   1.0000 
  1.0000   1.0000   1.0000   1.0000 10000000000000.0000   1.0000   1.0000   1.0000   1.0000   1.0000   1.0000 
  1.0000   1.0000   1.0000   1.0000   1.0000 10000000000000.0000   1.0000   1.0000   1.0000   1.0000   1.0000 
  1.0000   1.0000   1.0000   1.0000   1.0000   1.0000 10000000000000.0000   1.0000   1.0000   1.0000   1.0000 
  1.0000   1.0000   1.0000   1.0000   1.0000   1.0000   1.0000 10000000000000.0000   1.0000   1.0000   1.0000 
  1.0000   1.0000   1.0000   1.0000   1.0000   1.0000   1.0000   1.0000 10000000000000.0000   1.0000   1.0000 
  1.0000   1.0000   1.0000   1.0000   1.0000   1.0000   1.0000   1.0000   1.0000 10000000000000.0000   1.0000 
  1.0000   1.0000   1.0000   1.0000   1.0000   1.0000   1.0000   1.0000   1.0000   1.0000 10000000000000.0000 


| 0 -> 1	|  4.00	|     inf |	1<-6	6<-10	10<-2	2<-0	
| 0 -> 2	|  1.00	|     inf |	2<-0	
| 0 -> 3	|  2.00	|     inf |	3<-4	4<-0	
| 0 -> 4	|  1.00	|     inf |	4<-0	
| 0 -> 5	|  3.00	|     inf |	5<-9	9<-4	4<-0	
| 0 -> 6	|  3.00	|     inf |	6<-10	10<-2	2<-0	
| 0 -> 7	|  1.00	|     inf |	7<-0	
| 0 -> 8	|  4.00	|     inf |	8<-5	5<-9	9<-4	4<-0	
| 0 -> 9	|  2.00	|     inf |	9<-4	4<-0	
| 0 -> 10	|  2.00	|     inf |	10<-2	2<-0	
| 1 -> 0	|  1.00	|     inf |	0<-1	
| 1 -> 2	|  2.00	|     inf |	2<-0	0<-1	
| 1 -> 3	|  2.00	|     inf |	3<-4	4<-1	
| 1 -> 4	|  1.00	|     inf |	4<-1	
| 1 -> 5	|  2.00	|     inf |	5<-9	9<-1	
| 1 -> 6	|  3.00	|     inf |	6<-5	5<-9	9<-1	
| 1 -> 7	|  1.00	|     inf |	7<-1	
| 1 -> 8	|  1.00	|     inf |	8<-1	
| 1 -> 9	|  1.00	|     inf |	9<-1	
| 1 -> 10	|  3.00	|     inf |	10<-2	2<-0	0<-1	
| 2 -> 0	|  3.00	|     inf |	0<-6	6<-10	10<-2	
| 2 -> 1	|  3.00	|     inf |	1<-6	6<-10	10<-2	
| 2 -> 3	|  3.00	|     inf |	3<-4	4<-10	10<-2	
| 2 -> 4	|  2.00	|     inf |	4<-10	10<-2	
| 2 -> 5	|  4.00	|     inf |	5<-9	9<-4	4<-10	10<-2	
| 2 -> 6	|  2.00	|     inf |	6<-10	10<-2	
| 2 -> 7	|  4.00	|     inf |	7<-0	0<-6	6<-10	10<-2	
| 2 -> 8	|  4.00	|     inf |	8<-1	1<-6	6<-10	10<-2	
| 2 -> 9	|  3.00	|     inf |	9<-4	4<-10	10<-2	
| 2 -> 10	|  1.00	|     inf |	10<-2	
| 3 -> 0	|  4.00	|     inf |	0<-8	8<-5	5<-9	9<-3	
| 3 -> 1	|  4.00	|     inf |	1<-6	6<-5	5<-9	9<-3	
| 3 -> 2	|  5.00	|     inf |	2<-0	0<-8	8<-5	5<-9	9<-3	
| 3 -> 4	|  4.00	|     inf |	4<-8	8<-5	5<-9	9<-3	
| 3 -> 5	|  2.00	|     inf |	5<-9	9<-3	
| 3 -> 6	|  3.00	|     inf |	6<-5	5<-9	9<-3	
| 3 -> 7	|  3.00	|     inf |	7<-5	5<-9	9<-3	
| 3 -> 8	|  3.00	|     inf |	8<-5	5<-9	9<-3	
| 3 -> 9	|  1.00	|     inf |	9<-3	
| 3 -> 10	|  4.00	|     inf |	10<-6	6<-5	5<-9	9<-3	
| 4 -> 0	|  4.00	|     inf |	0<-8	8<-5	5<-9	9<-4	
| 4 -> 1	|  4.00	|     inf |	1<-6	6<-10	10<-2	2<-4	
| 4 -> 2	|  1.00	|     inf |	2<-4	
| 4 -> 3	|  1.00	|     inf |	3<-4	
| 4 -> 5	|  2.00	|     inf |	5<-9	9<-4	
| 4 -> 6	|  3.00	|     inf |	6<-10	10<-2	2<-4	
| 4 -> 7	|  3.00	|     inf |	7<-5	5<-9	9<-4	
| 4 -> 8	|  3.00	|     inf |	8<-5	5<-9	9<-4	
| 4 -> 9	|  1.00	|     inf |	9<-4	
| 4 -> 10	|  2.00	|     inf |	10<-2	2<-4	
| 5 -> 0	|  2.00	|     inf |	0<-8	8<-5	
| 5 -> 1	|  2.00	|     inf |	1<-6	6<-5	
| 5 -> 2	|  3.00	|     inf |	2<-0	0<-8	8<-5	
| 5 -> 3	|  3.00	|     inf |	3<-4	4<-7	7<-5	
| 5 -> 4	|  2.00	|     inf |	4<-7	7<-5	
| 5 -> 6	|  1.00	|     inf |	6<-5	
| 5 -> 7	|  1.00	|     inf |	7<-5	
| 5 -> 8	|  1.00	|     inf |	8<-5	
| 5 -> 9	|  1.00	|     inf |	9<-5	
| 5 -> 10	|  2.00	|     inf |	10<-6	6<-5	
| 6 -> 0	|  1.00	|     inf |	0<-6	
| 6 -> 1	|  1.00	|     inf |	1<-6	
| 6 -> 2	|  2.00	|     inf |	2<-10	10<-6	
| 6 -> 3	|  3.00	|     inf |	3<-4	4<-10	10<-6	
| 6 -> 4	|  2.00	|     inf |	4<-10	10<-6	
| 6 -> 5	|  3.00	|     inf |	5<-9	9<-1	1<-6	
| 6 -> 7	|  2.00	|     inf |	7<-0	0<-6	
| 6 -> 8	|  2.00	|     inf |	8<-1	1<-6	
| 6 -> 9	|  2.00	|     inf |	9<-1	1<-6	
| 6 -> 10	|  1.00	|     inf |	10<-6	
| 7 -> 0	|  5.00	|     inf |	0<-8	8<-5	5<-9	9<-4	4<-7	
| 7 -> 1	|  5.00	|     inf |	1<-6	6<-10	10<-2	2<-4	4<-7	
| 7 -> 2	|  2.00	|     inf |	2<-4	4<-7	
| 7 -> 3	|  2.00	|     inf |	3<-4	4<-7	
| 7 -> 4	|  1.00	|     inf |	4<-7	
| 7 -> 5	|  3.00	|     inf |	5<-9	9<-4	4<-7	
| 7 -> 6	|  4.00	|     inf |	6<-10	10<-2	2<-4	4<-7	
| 7 -> 8	|  4.00	|     inf |	8<-5	5<-9	9<-4	4<-7	
| 7 -> 9	|  2.00	|     inf |	9<-4	4<-7	
| 7 -> 10	|  3.00	|     inf |	10<-2	2<-4	4<-7	
| 8 -> 0	|  1.00	|     inf |	0<-8	
| 8 -> 1	|  5.00	|     inf |	1<-6	6<-10	10<-2	2<-0	0<-8	
| 8 -> 2	|  2.00	|     inf |	2<-0	0<-8	
| 8 -> 3	|  2.00	|     inf |	3<-4	4<-8	
| 8 -> 4	|  1.00	|     inf |	4<-8	
| 8 -> 5	|  3.00	|     inf |	5<-9	9<-4	4<-8	
| 8 -> 6	|  4.00	|     inf |	6<-10	10<-2	2<-0	0<-8	
| 8 -> 7	|  2.00	|     inf |	7<-0	0<-8	
| 8 -> 9	|  2.00	|     inf |	9<-4	4<-8	
| 8 -> 10	|  3.00	|     inf |	10<-2	2<-0	0<-8	
| 9 -> 0	|  3.00	|     inf |	0<-8	8<-5	5<-9	
| 9 -> 1	|  3.00	|     inf |	1<-6	6<-5	5<-9	
| 9 -> 2	|  4.00	|     inf |	2<-10	10<-6	6<-5	5<-9	
| 9 -> 3	|  4.00	|     inf |	3<-4	4<-8	8<-5	5<-9	
| 9 -> 4	|  3.00	|     inf |	4<-8	8<-5	5<-9	
| 9 -> 5	|  1.00	|     inf |	5<-9	
| 9 -> 6	|  2.00	|     inf |	6<-5	5<-9	
| 9 -> 7	|  2.00	|     inf |	7<-5	5<-9	
| 9 -> 8	|  2.00	|     inf |	8<-5	5<-9	
| 9 -> 10	|  3.00	|     inf |	10<-6	6<-5	5<-9	
| 10 -> 0	|  2.00	|     inf |	0<-6	6<-10	
| 10 -> 1	|  2.00	|     inf |	1<-6	6<-10	
| 10 -> 2	|  1.00	|     inf |	2<-10	
| 10 -> 3	|  2.00	|     inf |	3<-4	4<-10	
| 10 -> 4	|  1.00	|     inf |	4<-10	
| 10 -> 5	|  3.00	|     inf |	5<-9	9<-4	4<-10	
| 10 -> 6	|  1.00	|     inf |	6<-10	
| 10 -> 7	|  3.00	|     inf |	7<-0	0<-6	6<-10	
| 10 -> 8	|  3.00	|     inf |	8<-1	1<-6	6<-10	
| 10 -> 9	|  2.00	|     inf |	9<-4	4<-10	
Elapsed_time = 0.000000
